# JRE version: Java(TM) SE Runtime Environment (8.0_291-b10) (build 1.8.0_291-b10)
# Java VM: Java HotSpot(TM) 64-Bit Server VM (25.291-b10 mixed mode windows-amd64 compressed oops)
Heap:
 PSYoungGen      total 297984K, used 27880K [0x00000000d8300000, 0x00000000f1600000, 0x0000000100000000)
  eden space 284160K, 9% used [0x00000000d8300000,0x00000000d9e3a268,0x00000000e9880000)
  from space 13824K, 0% used [0x00000000e9880000,0x00000000e9880000,0x00000000ea600000)
  to   space 19456K, 0% used [0x00000000f0300000,0x00000000f0300000,0x00000000f1600000)
 ParOldGen       total 72704K, used 37768K [0x0000000088800000, 0x000000008cf00000, 0x00000000d8300000)
  object space 72704K, 51% used [0x0000000088800000,0x000000008ace2178,0x000000008cf00000)
 Metaspace       used 56046K, capacity 59688K, committed 60052K, reserved 1101824K
  class space    used 7881K, capacity 8521K, committed 8636K, reserved 1048576K
GC Heap History (10 events):
Event: 14.187 GC heap before
{Heap before GC invocations=10 (full 1):
 PSYoungGen      total 215040K, used 58180K [0x00000000d8300000, 0x00000000e6400000, 0x0000000100000000)
  eden space 204800K, 23% used [0x00000000d8300000,0x00000000db1d6220,0x00000000e4b00000)
  from space 10240K, 99% used [0x00000000e5a00000,0x00000000e63fafb0,0x00000000e6400000)
  to   space 12288K, 0% used [0x00000000e4c00000,0x00000000e4c00000,0x00000000e5800000)
 ParOldGen       total 50176K, used 9708K [0x0000000088800000, 0x000000008b900000, 0x00000000d8300000)
  object space 50176K, 19% used [0x0000000088800000,0x000000008917b340,0x000000008b900000)
 Metaspace       used 33254K, capacity 35400K, committed 35416K, reserved 1079296K
  class space    used 4579K, capacity 4983K, committed 4992K, reserved 1048576K
Event: 14.204 GC heap after
Heap after GC invocations=10 (full 1):
 PSYoungGen      total 218112K, used 10035K [0x00000000d8300000, 0x00000000eb580000, 0x0000000100000000)
  eden space 205824K, 0% used [0x00000000d8300000,0x00000000d8300000,0x00000000e4c00000)
  from space 12288K, 81% used [0x00000000e4c00000,0x00000000e55ccfb0,0x00000000e5800000)
  to   space 12800K, 0% used [0x00000000ea900000,0x00000000ea900000,0x00000000eb580000)
 ParOldGen       total 50176K, used 9716K [0x0000000088800000, 0x000000008b900000, 0x00000000d8300000)
  object space 50176K, 19% used [0x0000000088800000,0x000000008917d340,0x000000008b900000)
 Metaspace       used 33254K, capacity 35400K, committed 35416K, reserved 1079296K
  class space    used 4579K, capacity 4983K, committed 4992K, reserved 1048576K
}
Event: 14.204 GC heap before
{Heap before GC invocations=11 (full 2):
 PSYoungGen      total 218112K, used 10035K [0x00000000d8300000, 0x00000000eb580000, 0x0000000100000000)
  eden space 205824K, 0% used [0x00000000d8300000,0x00000000d8300000,0x00000000e4c00000)
  from space 12288K, 81% used [0x00000000e4c00000,0x00000000e55ccfb0,0x00000000e5800000)
  to   space 12800K, 0% used [0x00000000ea900000,0x00000000ea900000,0x00000000eb580000)
 ParOldGen       total 50176K, used 9716K [0x0000000088800000, 0x000000008b900000, 0x00000000d8300000)
  object space 50176K, 19% used [0x0000000088800000,0x000000008917d340,0x000000008b900000)
 Metaspace       used 33254K, capacity 35400K, committed 35416K, reserved 1079296K
  class space    used 4579K, capacity 4983K, committed 4992K, reserved 1048576K
Event: 14.291 GC heap after
Heap after GC invocations=11 (full 2):
 PSYoungGen      total 218112K, used 0K [0x00000000d8300000, 0x00000000eb580000, 0x0000000100000000)
  eden space 205824K, 0% used [0x00000000d8300000,0x00000000d8300000,0x00000000e4c00000)
  from space 12288K, 0% used [0x00000000e4c00000,0x00000000e4c00000,0x00000000e5800000)
  to   space 12800K, 0% used [0x00000000ea900000,0x00000000ea900000,0x00000000eb580000)
 ParOldGen       total 72704K, used 17019K [0x0000000088800000, 0x000000008cf00000, 0x00000000d8300000)
  object space 72704K, 23% used [0x0000000088800000,0x000000008989ef48,0x000000008cf00000)
 Metaspace       used 33254K, capacity 35400K, committed 35416K, reserved 1079296K
  class space    used 4579K, capacity 4983K, committed 4992K, reserved 1048576K
}
Event: 17.305 GC heap before
{Heap before GC invocations=12 (full 2):
 PSYoungGen      total 218112K, used 205824K [0x00000000d8300000, 0x00000000eb580000, 0x0000000100000000)
  eden space 205824K, 100% used [0x00000000d8300000,0x00000000e4c00000,0x00000000e4c00000)
  from space 12288K, 0% used [0x00000000e4c00000,0x00000000e4c00000,0x00000000e5800000)
  to   space 12800K, 0% used [0x00000000ea900000,0x00000000ea900000,0x00000000eb580000)
 ParOldGen       total 72704K, used 17019K [0x0000000088800000, 0x000000008cf00000, 0x00000000d8300000)
  object space 72704K, 23% used [0x0000000088800000,0x000000008989ef48,0x000000008cf00000)
 Metaspace       used 41138K, capacity 43546K, committed 43608K, reserved 1087488K
  class space    used 5564K, capacity 6014K, committed 6016K, reserved 1048576K
Event: 17.324 GC heap after
Heap after GC invocations=12 (full 2):
 PSYoungGen      total 288768K, used 10667K [0x00000000d8300000, 0x00000000eb380000, 0x0000000100000000)
  eden space 278016K, 0% used [0x00000000d8300000,0x00000000d8300000,0x00000000e9280000)
  from space 10752K, 99% used [0x00000000ea900000,0x00000000eb36af68,0x00000000eb380000)
  to   space 13824K, 0% used [0x00000000e9880000,0x00000000e9880000,0x00000000ea600000)
 ParOldGen       total 72704K, used 17035K [0x0000000088800000, 0x000000008cf00000, 0x00000000d8300000)
  object space 72704K, 23% used [0x0000000088800000,0x00000000898a2f48,0x000000008cf00000)
 Metaspace       used 41138K, capacity 43546K, committed 43608K, reserved 1087488K
  class space    used 5564K, capacity 6014K, committed 6016K, reserved 1048576K
}
Event: 21.329 GC heap before
{Heap before GC invocations=13 (full 2):
 PSYoungGen      total 288768K, used 246500K [0x00000000d8300000, 0x00000000eb380000, 0x0000000100000000)
  eden space 278016K, 84% used [0x00000000d8300000,0x00000000e694e160,0x00000000e9280000)
  from space 10752K, 99% used [0x00000000ea900000,0x00000000eb36af68,0x00000000eb380000)
  to   space 13824K, 0% used [0x00000000e9880000,0x00000000e9880000,0x00000000ea600000)
 ParOldGen       total 72704K, used 17035K [0x0000000088800000, 0x000000008cf00000, 0x00000000d8300000)
  object space 72704K, 23% used [0x0000000088800000,0x00000000898a2f48,0x000000008cf00000)
 Metaspace       used 55648K, capacity 59002K, committed 59028K, reserved 1099776K
  class space    used 7763K, capacity 8368K, committed 8380K, reserved 1048576K
Event: 21.383 GC heap after
Heap after GC invocations=13 (full 2):
 PSYoungGen      total 297984K, used 13803K [0x00000000d8300000, 0x00000000f1600000, 0x0000000100000000)
  eden space 284160K, 0% used [0x00000000d8300000,0x00000000d8300000,0x00000000e9880000)
  from space 13824K, 99% used [0x00000000e9880000,0x00000000ea5fadf0,0x00000000ea600000)
  to   space 19456K, 0% used [0x00000000f0300000,0x00000000f0300000,0x00000000f1600000)
 ParOldGen       total 72704K, used 27502K [0x0000000088800000, 0x000000008cf00000, 0x00000000d8300000)
  object space 72704K, 37% used [0x0000000088800000,0x000000008a2db878,0x000000008cf00000)
 Metaspace       used 55648K, capacity 59002K, committed 59028K, reserved 1099776K
  class space    used 7763K, capacity 8368K, committed 8380K, reserved 1048576K
}
Event: 21.383 GC heap before
{Heap before GC invocations=14 (full 3):
 PSYoungGen      total 297984K, used 13803K [0x00000000d8300000, 0x00000000f1600000, 0x0000000100000000)
  eden space 284160K, 0% used [0x00000000d8300000,0x00000000d8300000,0x00000000e9880000)
  from space 13824K, 99% used [0x00000000e9880000,0x00000000ea5fadf0,0x00000000ea600000)
  to   space 19456K, 0% used [0x00000000f0300000,0x00000000f0300000,0x00000000f1600000)
 ParOldGen       total 72704K, used 27502K [0x0000000088800000, 0x000000008cf00000, 0x00000000d8300000)
  object space 72704K, 37% used [0x0000000088800000,0x000000008a2db878,0x000000008cf00000)
 Metaspace       used 55648K, capacity 59002K, committed 59028K, reserved 1099776K
  class space    used 7763K, capacity 8368K, committed 8380K, reserved 1048576K
Event: 21.661 GC heap after
Heap after GC invocations=14 (full 3):
 PSYoungGen      total 297984K, used 0K [0x00000000d8300000, 0x00000000f1600000, 0x0000000100000000)
  eden space 284160K, 0% used [0x00000000d8300000,0x00000000d8300000,0x00000000e9880000)
  from space 13824K, 0% used [0x00000000e9880000,0x00000000e9880000,0x00000000ea600000)
  to   space 19456K, 0% used [0x00000000f0300000,0x00000000f0300000,0x00000000f1600000)
 ParOldGen       total 72704K, used 37768K [0x0000000088800000, 0x000000008cf00000, 0x00000000d8300000)
  object space 72704K, 51% used [0x0000000088800000,0x000000008ace2178,0x000000008cf00000)
 Metaspace       used 55648K, capacity 59002K, committed 59028K, reserved 1099776K
  class space    used 7763K, capacity 8368K, committed 8380K, reserved 1048576K
}

